0 info it worked if it ends with ok
1 verbose cli [ 'C:\\Program Files\\nodejs\\node.exe',
1 verbose cli   'C:\\Users\\Administrator\\AppData\\Roaming\\npm\\node_modules\\npm\\bin\\npm-cli.js',
1 verbose cli   'run',
1 verbose cli   'test' ]
2 info using npm@3.10.5
3 info using node@v6.3.0
4 verbose run-script [ 'pretest', 'test', 'posttest' ]
5 info lifecycle angular-d3-word-cloud-server@~pretest: angular-d3-word-cloud-server@
6 silly lifecycle angular-d3-word-cloud-server@~pretest: no script for pretest, continuing
7 info lifecycle angular-d3-word-cloud-server@~test: angular-d3-word-cloud-server@
8 verbose lifecycle angular-d3-word-cloud-server@~test: unsafe-perm in lifecycle true
9 verbose lifecycle angular-d3-word-cloud-server@~test: PATH: C:\Users\Administrator\AppData\Roaming\npm\node_modules\npm\bin\node-gyp-bin;C:\Users\Administrator\Desktop\git\angular-d3-word-cloud\node_modules\.bin;C:\Program Files\nodejs;C:\Users\Administrator\bin;C:\Program Files\Git\mingw32\bin;C:\Program Files\Git\usr\local\bin;C:\Program Files\Git\usr\bin;C:\Program Files\Git\usr\bin;C:\Program Files\Git\mingw32\bin;C:\Program Files\Git\usr\bin;C:\Users\Administrator\bin;C:\ProgramData\Oracle\Java\javapath;C:\Windows\system32;C:\Windows;C:\Windows\System32\Wbem;C:\Windows\System32\WindowsPowerShell\v1.0;C:\Program Files\nodejs;C:\Program Files\Git\cmd;C:\Users\Administrator\AppData\Roaming\npm;C:\Program Files\Git\usr\bin\vendor_perl;C:\Program Files\Git\usr\bin\core_perl
10 verbose lifecycle angular-d3-word-cloud-server@~test: CWD: C:\Users\Administrator\Desktop\git\angular-d3-word-cloud
11 silly lifecycle angular-d3-word-cloud-server@~test: Args: [ '/d /s /c', 'karma start' ]
12 silly lifecycle angular-d3-word-cloud-server@~test: Returned: code: 1  signal: null
13 info lifecycle angular-d3-word-cloud-server@~test: Failed to exec test script
14 verbose stack Error: angular-d3-word-cloud-server@ test: `karma start`
14 verbose stack Exit status 1
14 verbose stack     at EventEmitter.<anonymous> (C:\Users\Administrator\AppData\Roaming\npm\node_modules\npm\lib\utils\lifecycle.js:242:16)
14 verbose stack     at emitTwo (events.js:106:13)
14 verbose stack     at EventEmitter.emit (events.js:191:7)
14 verbose stack     at ChildProcess.<anonymous> (C:\Users\Administrator\AppData\Roaming\npm\node_modules\npm\lib\utils\spawn.js:40:14)
14 verbose stack     at emitTwo (events.js:106:13)
14 verbose stack     at ChildProcess.emit (events.js:191:7)
14 verbose stack     at maybeClose (internal/child_process.js:852:16)
14 verbose stack     at Process.ChildProcess._handle.onexit (internal/child_process.js:215:5)
15 verbose pkgid angular-d3-word-cloud-server@
16 verbose cwd C:\Users\Administrator\Desktop\git\angular-d3-word-cloud
17 error Windows_NT 6.1.7600
18 error argv "C:\\Program Files\\nodejs\\node.exe" "C:\\Users\\Administrator\\AppData\\Roaming\\npm\\node_modules\\npm\\bin\\npm-cli.js" "run" "test"
19 error node v6.3.0
20 error npm  v3.10.5
21 error code ELIFECYCLE
22 error angular-d3-word-cloud-server@ test: `karma start`
22 error Exit status 1
23 error Failed at the angular-d3-word-cloud-server@ test script 'karma start'.
23 error Make sure you have the latest version of node.js and npm installed.
23 error If you do, this is most likely a problem with the angular-d3-word-cloud-server package,
23 error not with npm itself.
23 error Tell the author that this fails on your system:
23 error     karma start
23 error You can get information on how to open an issue for this project with:
23 error     npm bugs angular-d3-word-cloud-server
23 error Or if that isn't available, you can get their info via:
23 error     npm owner ls angular-d3-word-cloud-server
23 error There is likely additional logging output above.
24 verbose exit [ 1, true ]
